<?xml version="1.0" encoding="UTF-8"?>
<!-- Generated by org.testng.reporters.JUnitXMLReporter -->
<testsuite hostname="TYSS-4F-083" ignored="0" name="Test" tests="1" failures="1" timestamp="16 May 2018 11:54:47 GMT" time="1.133" errors="0">
  <testcase name="@AfterMethod closeApp" time="0.0" classname="com.puma.generic.BaseTest">
    <failure type="java.lang.NullPointerException">
      <![CDATA[java.lang.NullPointerException
	at com.puma.generic.BaseTest.closeApp(BaseTest.java:29)
... Removed 27 stack frames]]>
    </failure>
  </testcase> <!-- @AfterMethod closeApp -->
  <testcase name="addProduct" time="1.096" classname="com.puma.script.AddProductTest">
    <failure type="java.lang.NullPointerException">
      <![CDATA[java.lang.NullPointerException
	at com.puma.script.AddProductTest.addProduct(AddProductTest.java:26)
... Removed 25 stack frames]]>
    </failure>
  </testcase> <!-- addProduct -->
</testsuite> <!-- Test -->
